app/build/intermediates/manifest_merge_blame_file/debug/manifest-merger-blame-debug-report.txt
1<?xml version="1.0" encoding="utf-8"?>
2<manifest xmlns:android="http://schemas.android.com/apk/res/android"
3    package="com.example.sangil.pedometer"
4    android:versionCode="10"
5    android:versionName="1.6" >
6
7    <uses-sdk
7-->src\main\AndroidManifest.xml:7:5-47
8        android:minSdkVersion="16"
8-->src\main\AndroidManifest.xml:7:5-47
9        android:targetSdkVersion="25" />
9-->src\main\AndroidManifest.xml:7:15-44
10
11    <uses-permission android:name="android.permission.INTERNET" />
11-->src\main\AndroidManifest.xml:11:5-67
11-->src\main\AndroidManifest.xml:11:22-64
12    <uses-permission android:name="android.permission.ACCESS_COARSE_LOCATION" />
12-->src\main\AndroidManifest.xml:12:5-81
12-->src\main\AndroidManifest.xml:12:22-78
13    <uses-permission android:name="android.permission.ACCESS_FINE_LOCATION" />
13-->src\main\AndroidManifest.xml:13:5-79
13-->src\main\AndroidManifest.xml:13:22-76
14    <uses-permission android:name="android.permission.ACCESS_NETWORK_STATE" />
14-->src\main\AndroidManifest.xml:14:5-79
14-->src\main\AndroidManifest.xml:14:22-76
15    <uses-permission android:name="android.permission.WRITE_EXTERNAL_STORAGE" />
15-->src\main\AndroidManifest.xml:15:5-81
15-->src\main\AndroidManifest.xml:15:22-78
16
17    <application
17-->src\main\AndroidManifest.xml:17:5-56:19
18        android:allowBackup="true"
18-->src\main\AndroidManifest.xml:18:9-35
19        android:debuggable="true"
20        android:icon="@drawable/icon"
20-->src\main\AndroidManifest.xml:19:9-38
21        android:label="Health Yourself"
21-->src\main\AndroidManifest.xml:20:9-40
22        android:theme="@android:style/Theme.Light.NoTitleBar" >
22-->src\main\AndroidManifest.xml:21:9-62
23        <activity
23-->src\main\AndroidManifest.xml:22:9-30:20
24            android:name="com.example.sangil.pedometer.Intro"
24-->src\main\AndroidManifest.xml:23:13-62
25            android:label="Health Yourself" >
25-->src\main\AndroidManifest.xml:24:13-44
26            <intent-filter>
26-->src\main\AndroidManifest.xml:25:13-29:29
27                <action android:name="android.intent.action.MAIN" />
27-->src\main\AndroidManifest.xml:26:17-69
27-->src\main\AndroidManifest.xml:26:25-66
28
29                <category android:name="android.intent.category.LAUNCHER" />
29-->src\main\AndroidManifest.xml:28:17-77
29-->src\main\AndroidManifest.xml:28:27-74
30            </intent-filter>
31        </activity>
32        <activity android:name="com.example.sangil.pedometer.Pedometer" >
32-->src\main\AndroidManifest.xml:31:9-32:20
32-->src\main\AndroidManifest.xml:31:19-72
33        </activity>
34        <activity android:name="com.example.sangil.pedometer.Settings" >
34-->src\main\AndroidManifest.xml:33:9-39:20
34-->src\main\AndroidManifest.xml:33:19-71
35            <intent-filter>
35-->src\main\AndroidManifest.xml:34:13-38:29
36                <action android:name="android.intent.action.MAIN" />
36-->src\main\AndroidManifest.xml:26:17-69
36-->src\main\AndroidManifest.xml:26:25-66
37
38                <category android:name="android.intent.category.DEFAULT" />
38-->src\main\AndroidManifest.xml:37:17-76
38-->src\main\AndroidManifest.xml:37:27-73
39            </intent-filter>
40        </activity>
41
42        <service android:name="com.example.sangil.pedometer.StepService" />
42-->src\main\AndroidManifest.xml:41:9-76
42-->src\main\AndroidManifest.xml:41:18-73
43
44        <activity
44-->src\main\AndroidManifest.xml:43:9-46:20
45            android:name="com.example.sangil.pedometer.Water"
45-->src\main\AndroidManifest.xml:44:13-62
46            android:label="@string/title_activity_water" >
46-->src\main\AndroidManifest.xml:45:13-57
47        </activity>
48        <activity
48-->src\main\AndroidManifest.xml:47:9-50:20
49            android:name="com.example.sangil.pedometer.Exercise"
49-->src\main\AndroidManifest.xml:48:13-65
50            android:label="@string/title_activity_exercise" >
50-->src\main\AndroidManifest.xml:49:13-60
51        </activity>
52        <activity
52-->src\main\AndroidManifest.xml:51:9-54:20
53            android:name="com.example.sangil.pedometer.Bmi"
53-->src\main\AndroidManifest.xml:52:13-60
54            android:label="@string/title_activity_bmi" >
54-->src\main\AndroidManifest.xml:53:13-55
55        </activity>
56    </application>
57
58</manifest>